!SESSION 2017-02-16 19:42:59.530 -----------------------------------------------
eclipse.buildId=I20100608-0911
java.fullversion=JRE 1.7.0 IBM J9 2.7 Windows 8 x86-32 20141203_225288 (JIT enabled, AOT enabled)
J9VM - R27_Java727_SR2_20141203_1047_B225288
JIT  - tr.r13.java_20141003_74587.05
GC   - R27_Java727_SR2_20141203_1047_B225288
J9CL - 20141203_225288
BootLoader constants: OS=win32, ARCH=x86, WS=win32, NL=en_GB
Command-line arguments:  -os win32 -ws win32 -arch x86

!ENTRY org.eclipse.osgi 4 0 2017-02-16 19:43:04.996
!MESSAGE Application error
!STACK 1
java.lang.RuntimeException: Application "" could not be found in the registry. The applications available are: org.eclipse.ant.core.antRunner, org.eclipse.equinox.app.error, org.eclipse.help.base.infocenterApplication, org.eclipse.help.base.helpApplication, org.eclipse.help.base.indexTool, org.eclipse.update.core.standaloneUpdate, org.eclipse.update.core.siteOptimizer.
	at org.eclipse.equinox.internal.app.EclipseAppContainer.startDefaultApp(EclipseAppContainer.java:248)
	at org.eclipse.equinox.internal.app.MainApplicationLauncher.run(MainApplicationLauncher.java:29)
	at org.eclipse.core.runtime.internal.adaptor.EclipseAppLauncher.runApplication(EclipseAppLauncher.java:110)
	at org.eclipse.core.runtime.internal.adaptor.EclipseAppLauncher.start(EclipseAppLauncher.java:79)
	at org.eclipse.core.runtime.adaptor.EclipseStarter.run(EclipseStarter.java:344)
	at org.eclipse.core.runtime.adaptor.EclipseStarter.run(EclipseStarter.java:179)
	at sun.reflect.NativeMethodAccessorImpl.invoke0(Native Method)
	at sun.reflect.NativeMethodAccessorImpl.invoke(NativeMethodAccessorImpl.java:95)
	at sun.reflect.DelegatingMethodAccessorImpl.invoke(DelegatingMethodAccessorImpl.java:56)
	at java.lang.reflect.Method.invoke(Method.java:620)
	at org.eclipse.equinox.launcher.Main.invokeFramework(Main.java:619)
	at org.eclipse.equinox.launcher.Main.basicRun(Main.java:574)
	at org.eclipse.equinox.launcher.Main.run(Main.java:1407)
