!SESSION 2017-03-26 22:54:17.978 -----------------------------------------------
eclipse.buildId=I20100608-0911
java.version=1.8.0_121
java.vendor=Oracle Corporation
BootLoader constants: OS=win32, ARCH=x86, WS=win32, NL=en_GB
Framework arguments:  C:\Users\Ersan\Desktop\GameOfLife.java
Command-line arguments:  -os win32 -ws win32 -arch x86 C:\Users\Ersan\Desktop\GameOfLife.java

!ENTRY org.eclipse.osgi 4 0 2017-03-26 22:54:18.925
!MESSAGE The -clean (osgi.clean) option was not successful. Unable to clean the storage area: D:\eclipse\configuration\org.eclipse.osgi

!ENTRY org.eclipse.osgi 4 0 2017-03-26 22:54:20.362
!MESSAGE Application error
!STACK 1
java.lang.RuntimeException: Application "" could not be found in the registry. The applications available are: org.eclipse.ant.core.antRunner, org.eclipse.equinox.app.error, org.eclipse.help.base.infocenterApplication, org.eclipse.help.base.helpApplication, org.eclipse.help.base.indexTool, org.eclipse.update.core.standaloneUpdate, org.eclipse.update.core.siteOptimizer.
	at org.eclipse.equinox.internal.app.EclipseAppContainer.startDefaultApp(EclipseAppContainer.java:248)
	at org.eclipse.equinox.internal.app.MainApplicationLauncher.run(MainApplicationLauncher.java:29)
	at org.eclipse.core.runtime.internal.adaptor.EclipseAppLauncher.runApplication(EclipseAppLauncher.java:110)
	at org.eclipse.core.runtime.internal.adaptor.EclipseAppLauncher.start(EclipseAppLauncher.java:79)
	at org.eclipse.core.runtime.adaptor.EclipseStarter.run(EclipseStarter.java:344)
	at org.eclipse.core.runtime.adaptor.EclipseStarter.run(EclipseStarter.java:179)
	at sun.reflect.NativeMethodAccessorImpl.invoke0(Native Method)
	at sun.reflect.NativeMethodAccessorImpl.invoke(Unknown Source)
	at sun.reflect.DelegatingMethodAccessorImpl.invoke(Unknown Source)
	at java.lang.reflect.Method.invoke(Unknown Source)
	at org.eclipse.equinox.launcher.Main.invokeFramework(Main.java:619)
	at org.eclipse.equinox.launcher.Main.basicRun(Main.java:574)
	at org.eclipse.equinox.launcher.Main.run(Main.java:1407)
	at org.eclipse.equinox.launcher.Main.main(Main.java:1383)
