!SESSION 2017-07-10 15:05:24.346 -----------------------------------------------
eclipse.buildId=I20100608-0911
java.version=1.8.0_121
java.vendor=Oracle Corporation
BootLoader constants: OS=win32, ARCH=x86, WS=win32, NL=en_GB
Framework arguments:  C:\Users\Ersan\Desktop\Conway's Game of Life Java Speed Code\src\net\vitalrealms\gameoflife\Mouse.java
Command-line arguments:  -os win32 -ws win32 -arch x86 C:\Users\Ersan\Desktop\Conway's Game of Life Java Speed Code\src\net\vitalrealms\gameoflife\Mouse.java

!ENTRY org.eclipse.osgi 4 0 2017-07-10 15:05:27.929
!MESSAGE The -clean (osgi.clean) option was not successful. Unable to clean the storage area: D:\eclipse\configuration\org.eclipse.osgi

!ENTRY org.eclipse.update.configurator 4 0 2017-07-10 15:05:30.609
!MESSAGE Cannot backup current configuration

!ENTRY org.eclipse.update.configurator 4 0 2017-07-10 15:05:30.747
!MESSAGE Could not rename configuration temp file

!ENTRY org.eclipse.update.configurator 4 0 2017-07-10 15:05:30.752
!MESSAGE Unable to save configuration file "D:\eclipse\configuration\org.eclipse.update\platform.xml.tmp"
!STACK 0
java.io.IOException: Unable to save configuration file "D:\eclipse\configuration\org.eclipse.update\platform.xml.tmp"
	at org.eclipse.update.internal.configurator.PlatformConfiguration.save(PlatformConfiguration.java:754)
	at org.eclipse.update.internal.configurator.PlatformConfiguration.save(PlatformConfiguration.java:618)
	at org.eclipse.update.internal.configurator.PlatformConfiguration.startup(PlatformConfiguration.java:785)
	at org.eclipse.update.internal.configurator.ConfigurationActivator.getPlatformConfiguration(ConfigurationActivator.java:404)
	at org.eclipse.update.internal.configurator.ConfigurationActivator.initialize(ConfigurationActivator.java:136)
	at org.eclipse.update.internal.configurator.ConfigurationActivator.start(ConfigurationActivator.java:69)
	at org.eclipse.osgi.framework.internal.core.BundleContextImpl$1.run(BundleContextImpl.java:711)
	at java.security.AccessController.doPrivileged(Native Method)
	at org.eclipse.osgi.framework.internal.core.BundleContextImpl.startActivator(BundleContextImpl.java:702)
	at org.eclipse.osgi.framework.internal.core.BundleContextImpl.start(BundleContextImpl.java:683)
	at org.eclipse.osgi.framework.internal.core.BundleHost.startWorker(BundleHost.java:381)
	at org.eclipse.osgi.framework.internal.core.AbstractBundle.resume(AbstractBundle.java:389)
	at org.eclipse.osgi.framework.internal.core.Framework.resumeBundle(Framework.java:1130)
	at org.eclipse.osgi.framework.internal.core.StartLevelManager.resumeBundles(StartLevelManager.java:559)
	at org.eclipse.osgi.framework.internal.core.StartLevelManager.resumeBundles(StartLevelManager.java:544)
	at org.eclipse.osgi.framework.internal.core.StartLevelManager.incFWSL(StartLevelManager.java:457)
	at org.eclipse.osgi.framework.internal.core.StartLevelManager.doSetStartLevel(StartLevelManager.java:243)
	at org.eclipse.osgi.framework.internal.core.StartLevelManager.dispatchEvent(StartLevelManager.java:438)
	at org.eclipse.osgi.framework.internal.core.StartLevelManager.dispatchEvent(StartLevelManager.java:1)
	at org.eclipse.osgi.framework.eventmgr.EventManager.dispatchEvent(EventManager.java:230)
	at org.eclipse.osgi.framework.eventmgr.EventManager$EventThread.run(EventManager.java:340)

!ENTRY org.eclipse.osgi 4 0 2017-07-10 15:05:41.567
!MESSAGE Application error
!STACK 1
java.lang.RuntimeException: Application "" could not be found in the registry. The applications available are: org.eclipse.ant.core.antRunner, org.eclipse.equinox.app.error, org.eclipse.help.base.infocenterApplication, org.eclipse.help.base.helpApplication, org.eclipse.help.base.indexTool, org.eclipse.update.core.standaloneUpdate, org.eclipse.update.core.siteOptimizer.
	at org.eclipse.equinox.internal.app.EclipseAppContainer.startDefaultApp(EclipseAppContainer.java:248)
	at org.eclipse.equinox.internal.app.MainApplicationLauncher.run(MainApplicationLauncher.java:29)
	at org.eclipse.core.runtime.internal.adaptor.EclipseAppLauncher.runApplication(EclipseAppLauncher.java:110)
	at org.eclipse.core.runtime.internal.adaptor.EclipseAppLauncher.start(EclipseAppLauncher.java:79)
	at org.eclipse.core.runtime.adaptor.EclipseStarter.run(EclipseStarter.java:344)
	at org.eclipse.core.runtime.adaptor.EclipseStarter.run(EclipseStarter.java:179)
	at sun.reflect.NativeMethodAccessorImpl.invoke0(Native Method)
	at sun.reflect.NativeMethodAccessorImpl.invoke(Unknown Source)
	at sun.reflect.DelegatingMethodAccessorImpl.invoke(Unknown Source)
	at java.lang.reflect.Method.invoke(Unknown Source)
	at org.eclipse.equinox.launcher.Main.invokeFramework(Main.java:619)
	at org.eclipse.equinox.launcher.Main.basicRun(Main.java:574)
	at org.eclipse.equinox.launcher.Main.run(Main.java:1407)
	at org.eclipse.equinox.launcher.Main.main(Main.java:1383)
